<?xml version="1.0" encoding="UTF-8"?>
<!-- Generated by org.testng.reporters.JUnitReportReporter -->
<testsuite hostname="DESKTOP-1B8IFFF" failures="0" tests="2" name="Reports.Test" time="2.587" errors="0" timestamp="2021-07-23T18:37:02 IST" skipped="0">
  <testcase classname="Reports.Test" name="test" time="2.292"/>
  <system-out/>
  <testcase classname="Reports.Test" name="setup" time="0.295"/>
  <system-out/>
</testsuite> <!-- Reports.Test -->
