<?xml version="1.0" encoding="UTF-8"?>
<!-- Generated by org.testng.reporters.JUnitReportReporter -->
<testsuite hostname="DESKTOP-1B8IFFF" failures="0" tests="1" name="WelcomepageTest" time="27.821" errors="0" timestamp="2021-08-04T19:27:42 IST" skipped="0">
  <testcase classname="WelcomepageTest" name="logoValidation" time="27.821"/>
  <system-out/>
</testsuite> <!-- WelcomepageTest -->
