<?xml version="1.0" encoding="UTF-8"?>
<!-- Generated by org.testng.reporters.JUnitReportReporter -->
<testsuite hostname="DESKTOP-1B8IFFF" failures="0" tests="2" name="TestNg.CrossBrowser" time="7.268" errors="0" timestamp="2022-02-09T18:39:00 IST" skipped="0">
  <testcase classname="TestNg.CrossBrowser" name="Test2" time="3.879"/>
  <system-out/>
  <testcase classname="TestNg.CrossBrowser" name="Test1" time="3.389"/>
  <system-out/>
</testsuite> <!-- TestNg.CrossBrowser -->
