<?xml version="1.0" encoding="UTF-8"?>
<!-- Generated by org.testng.reporters.JUnitReportReporter -->
<testsuite hostname="DESKTOP-1B8IFFF" failures="0" tests="1" name="TestNg.Anotations" time="0.003" errors="0" timestamp="2022-01-05T17:11:47 IST" skipped="0">
  <testcase classname="TestNg.Anotations" name="TestScript2" time="0.003"/>
  <system-out/>
</testsuite> <!-- TestNg.Anotations -->
