<?xml version="1.0" encoding="UTF-8"?>
<!-- Generated by org.testng.reporters.JUnitReportReporter -->
<testsuite hostname="DESKTOP-1B8IFFF" failures="0" tests="2" name="TestNg.MultipleBrowsers" time="17.190" errors="0" timestamp="2022-02-09T18:30:06 IST" skipped="0">
  <testcase classname="TestNg.MultipleBrowsers" name="Test" time="4.028"/>
  <system-out/>
  <testcase classname="TestNg.MultipleBrowsers" name="Test" time="13.162"/>
  <system-out/>
</testsuite> <!-- TestNg.MultipleBrowsers -->
