<?xml version="1.0" encoding="UTF-8"?>
<!-- Generated by org.testng.reporters.JUnitReportReporter -->
<testsuite hostname="DESKTOP-1B8IFFF" failures="0" tests="1" name="TestNg.DataProvider" time="0.000" errors="0" timestamp="2022-01-05T17:33:46 IST" skipped="1">
  <testcase classname="TestNg.DataProvider" name="SignUp" time="0.000">
    <skipped/>
  </testcase> <!-- SignUp -->
  <system-out/>
</testsuite> <!-- TestNg.DataProvider -->
